------ [logs] ------
--- [project configuration] ---
 - Name: 'Web'
 - Version: '1.0.0.0'
 - Author: 'Web'
 - Build: 'Debug'


--dependency graph--
[Pending][1] (Fleet in Naples) holds: 
	[Pending][1] (Army in Moscow) holds
	[Pending][1] (Fleet in SaintPetersburg) holds
	[Pending][1] (Army in Warsaw) holds
	[Pending][1] (Fleet in Sevastopol) holds
	[Pending][1] (Army in Rome) holds
	[Pending][1] (Army in Venice) holds
	[Pending][1] (Fleet in Ankara) holds
	[Pending][1] (Army in Constantinople) holds
	[Pending][1] (Army in Smyrna) holds
	[Pending][1] (Fleet in London) holds
	[Pending][1] (Army in Liverpool) holds
	[Pending][1] (Fleet in Edinburgh) holds
	[Pending][1] (Army in Berlin) holds
	[Pending][1] (Army in Munich) holds
	[Pending][1] (Fleet in Kiel) holds
	[Pending][1] (Army in Marseilles) holds
	[Pending][1] (Army in Paris) holds
	[Pending][1] (Fleet in Brest) holds
[Pending][1] (Fleet in London) holds: 
	[Pending][1] (Army in Moscow) holds
	[Pending][1] (Fleet in SaintPetersburg) holds
	[Pending][1] (Army in Warsaw) holds
	[Pending][1] (Fleet in Sevastopol) holds
	[Pending][1] (Army in Rome) holds
	[Pending][1] (Fleet in Naples) holds
	[Pending][1] (Army in Venice) holds
	[Pending][1] (Fleet in Ankara) holds
	[Pending][1] (Army in Constantinople) holds
	[Pending][1] (Army in Smyrna) holds
	[Pending][1] (Army in Liverpool) holds
	[Pending][1] (Fleet in Edinburgh) holds
	[Pending][1] (Army in Berlin) holds
	[Pending][1] (Army in Munich) holds
	[Pending][1] (Fleet in Kiel) holds
	[Pending][1] (Army in Marseilles) holds
	[Pending][1] (Army in Paris) holds
	[Pending][1] (Fleet in Brest) holds
[Pending][1] (Fleet in Kiel) holds: 
	[Pending][1] (Army in Moscow) holds
	[Pending][1] (Fleet in SaintPetersburg) holds
	[Pending][1] (Army in Warsaw) holds
	[Pending][1] (Fleet in Sevastopol) holds
	[Pending][1] (Army in Rome) holds
	[Pending][1] (Fleet in Naples) holds
	[Pending][1] (Army in Venice) holds
	[Pending][1] (Fleet in Ankara) holds
	[Pending][1] (Army in Constantinople) holds
	[Pending][1] (Army in Smyrna) holds
	[Pending][1] (Fleet in London) holds
	[Pending][1] (Army in Liverpool) holds
	[Pending][1] (Fleet in Edinburgh) holds
	[Pending][1] (Army in Berlin) holds
	[Pending][1] (Army in Munich) holds
	[Pending][1] (Army in Marseilles) holds
	[Pending][1] (Army in Paris) holds
	[Pending][1] (Fleet in Brest) holds
[Pending][1] (Army in Moscow) holds: 
	[Pending][1] (Fleet in SaintPetersburg) holds
	[Pending][1] (Army in Warsaw) holds
	[Pending][1] (Fleet in Sevastopol) holds
	[Pending][1] (Army in Rome) holds
	[Pending][1] (Fleet in Naples) holds
	[Pending][1] (Army in Venice) holds
	[Pending][1] (Fleet in Ankara) holds
	[Pending][1] (Army in Constantinople) holds
	[Pending][1] (Army in Smyrna) holds
	[Pending][1] (Fleet in London) holds
	[Pending][1] (Army in Liverpool) holds
	[Pending][1] (Fleet in Edinburgh) holds
	[Pending][1] (Army in Berlin) holds
	[Pending][1] (Army in Munich) holds
	[Pending][1] (Fleet in Kiel) holds
	[Pending][1] (Army in Marseilles) holds
	[Pending][1] (Army in Paris) holds
	[Pending][1] (Fleet in Brest) holds
[Pending][1] (Army in Liverpool) holds: 
	[Pending][1] (Army in Moscow) holds
	[Pending][1] (Fleet in SaintPetersburg) holds
	[Pending][1] (Army in Warsaw) holds
	[Pending][1] (Fleet in Sevastopol) holds
	[Pending][1] (Army in Rome) holds
	[Pending][1] (Fleet in Naples) holds
	[Pending][1] (Army in Venice) holds
	[Pending][1] (Fleet in Ankara) holds
	[Pending][1] (Army in Constantinople) holds
	[Pending][1] (Army in Smyrna) holds
	[Pending][1] (Fleet in London) holds
	[Pending][1] (Fleet in Edinburgh) holds
	[Pending][1] (Army in Berlin) holds
	[Pending][1] (Army in Munich) holds
	[Pending][1] (Fleet in Kiel) holds
	[Pending][1] (Army in Marseilles) holds
	[Pending][1] (Army in Paris) holds
	[Pending][1] (Fleet in Brest) holds
[Pending][1] (Fleet in SaintPetersburg) holds: 
	[Pending][1] (Army in Moscow) holds
	[Pending][1] (Army in Warsaw) holds
	[Pending][1] (Fleet in Sevastopol) holds
	[Pending][1] (Army in Rome) holds
	[Pending][1] (Fleet in Naples) holds
	[Pending][1] (Army in Venice) holds
	[Pending][1] (Fleet in Ankara) holds
	[Pending][1] (Army in Constantinople) holds
	[Pending][1] (Army in Smyrna) holds
	[Pending][1] (Fleet in London) holds
	[Pending][1] (Army in Liverpool) holds
	[Pending][1] (Fleet in Edinburgh) holds
	[Pending][1] (Army in Berlin) holds
	[Pending][1] (Army in Munich) holds
	[Pending][1] (Fleet in Kiel) holds
	[Pending][1] (Army in Marseilles) holds
	[Pending][1] (Army in Paris) holds
	[Pending][1] (Fleet in Brest) holds
[Pending][1] (Army in Marseilles) holds: 
	[Pending][1] (Army in Moscow) holds
	[Pending][1] (Fleet in SaintPetersburg) holds
	[Pending][1] (Army in Warsaw) holds
	[Pending][1] (Fleet in Sevastopol) holds
	[Pending][1] (Army in Rome) holds
	[Pending][1] (Fleet in Naples) holds
	[Pending][1] (Army in Venice) holds
	[Pending][1] (Fleet in Ankara) holds
	[Pending][1] (Army in Constantinople) holds
	[Pending][1] (Army in Smyrna) holds
	[Pending][1] (Fleet in London) holds
	[Pending][1] (Army in Liverpool) holds
	[Pending][1] (Fleet in Edinburgh) holds
	[Pending][1] (Army in Berlin) holds
	[Pending][1] (Army in Munich) holds
	[Pending][1] (Fleet in Kiel) holds
	[Pending][1] (Army in Paris) holds
	[Pending][1] (Fleet in Brest) holds
[Pending][1] (Army in Venice) holds: 
	[Pending][1] (Army in Moscow) holds
	[Pending][1] (Fleet in SaintPetersburg) holds
	[Pending][1] (Army in Warsaw) holds
	[Pending][1] (Fleet in Sevastopol) holds
	[Pending][1] (Army in Rome) holds
	[Pending][1] (Fleet in Naples) holds
	[Pending][1] (Fleet in Ankara) holds
	[Pending][1] (Army in Constantinople) holds
	[Pending][1] (Army in Smyrna) holds
	[Pending][1] (Fleet in London) holds
	[Pending][1] (Army in Liverpool) holds
	[Pending][1] (Fleet in Edinburgh) holds
	[Pending][1] (Army in Berlin) holds
	[Pending][1] (Army in Munich) holds
	[Pending][1] (Fleet in Kiel) holds
	[Pending][1] (Army in Marseilles) holds
	[Pending][1] (Army in Paris) holds
	[Pending][1] (Fleet in Brest) holds
[Pending][1] (Army in Paris) holds: 
	[Pending][1] (Army in Moscow) holds
	[Pending][1] (Fleet in SaintPetersburg) holds
	[Pending][1] (Army in Warsaw) holds
	[Pending][1] (Fleet in Sevastopol) holds
	[Pending][1] (Army in Rome) holds
	[Pending][1] (Fleet in Naples) holds
	[Pending][1] (Army in Venice) holds
	[Pending][1] (Fleet in Ankara) holds
	[Pending][1] (Army in Constantinople) holds
	[Pending][1] (Army in Smyrna) holds
	[Pending][1] (Fleet in London) holds
	[Pending][1] (Army in Liverpool) holds
	[Pending][1] (Fleet in Edinburgh) holds
	[Pending][1] (Army in Berlin) holds
	[Pending][1] (Army in Munich) holds
	[Pending][1] (Fleet in Kiel) holds
	[Pending][1] (Army in Marseilles) holds
	[Pending][1] (Fleet in Brest) holds
[Pending][1] (Fleet in Edinburgh) holds: 
	[Pending][1] (Army in Moscow) holds
	[Pending][1] (Fleet in SaintPetersburg) holds
	[Pending][1] (Army in Warsaw) holds
	[Pending][1] (Fleet in Sevastopol) holds
	[Pending][1] (Army in Rome) holds
	[Pending][1] (Fleet in Naples) holds
	[Pending][1] (Army in Venice) holds
	[Pending][1] (Fleet in Ankara) holds
	[Pending][1] (Army in Constantinople) holds
	[Pending][1] (Army in Smyrna) holds
	[Pending][1] (Fleet in London) holds
	[Pending][1] (Army in Liverpool) holds
	[Pending][1] (Army in Berlin) holds
	[Pending][1] (Army in Munich) holds
	[Pending][1] (Fleet in Kiel) holds
	[Pending][1] (Army in Marseilles) holds
	[Pending][1] (Army in Paris) holds
	[Pending][1] (Fleet in Brest) holds
[Pending][1] (Fleet in Ankara) holds: 
	[Pending][1] (Army in Moscow) holds
	[Pending][1] (Fleet in SaintPetersburg) holds
	[Pending][1] (Army in Warsaw) holds
	[Pending][1] (Fleet in Sevastopol) holds
	[Pending][1] (Army in Rome) holds
	[Pending][1] (Fleet in Naples) holds
	[Pending][1] (Army in Venice) holds
	[Pending][1] (Army in Constantinople) holds
	[Pending][1] (Army in Smyrna) holds
	[Pending][1] (Fleet in London) holds
	[Pending][1] (Army in Liverpool) holds
	[Pending][1] (Fleet in Edinburgh) holds
	[Pending][1] (Army in Berlin) holds
	[Pending][1] (Army in Munich) holds
	[Pending][1] (Fleet in Kiel) holds
	[Pending][1] (Army in Marseilles) holds
	[Pending][1] (Army in Paris) holds
	[Pending][1] (Fleet in Brest) holds
[Pending][1] (Army in Warsaw) holds: 
	[Pending][1] (Army in Moscow) holds
	[Pending][1] (Fleet in SaintPetersburg) holds
	[Pending][1] (Fleet in Sevastopol) holds
	[Pending][1] (Army in Rome) holds
	[Pending][1] (Fleet in Naples) holds
	[Pending][1] (Army in Venice) holds
	[Pending][1] (Fleet in Ankara) holds
	[Pending][1] (Army in Constantinople) holds
	[Pending][1] (Army in Smyrna) holds
	[Pending][1] (Fleet in London) holds
	[Pending][1] (Army in Liverpool) holds
	[Pending][1] (Fleet in Edinburgh) holds
	[Pending][1] (Army in Berlin) holds
	[Pending][1] (Army in Munich) holds
	[Pending][1] (Fleet in Kiel) holds
	[Pending][1] (Army in Marseilles) holds
	[Pending][1] (Army in Paris) holds
	[Pending][1] (Fleet in Brest) holds
[Pending][1] (Fleet in Brest) holds: 
	[Pending][1] (Army in Moscow) holds
	[Pending][1] (Fleet in SaintPetersburg) holds
	[Pending][1] (Army in Warsaw) holds
	[Pending][1] (Fleet in Sevastopol) holds
	[Pending][1] (Army in Rome) holds
	[Pending][1] (Fleet in Naples) holds
	[Pending][1] (Army in Venice) holds
	[Pending][1] (Fleet in Ankara) holds
	[Pending][1] (Army in Constantinople) holds
	[Pending][1] (Army in Smyrna) holds
	[Pending][1] (Fleet in London) holds
	[Pending][1] (Army in Liverpool) holds
	[Pending][1] (Fleet in Edinburgh) holds
	[Pending][1] (Army in Berlin) holds
	[Pending][1] (Army in Munich) holds
	[Pending][1] (Fleet in Kiel) holds
	[Pending][1] (Army in Marseilles) holds
	[Pending][1] (Army in Paris) holds
[Pending][1] (Army in Constantinople) holds: 
	[Pending][1] (Army in Moscow) holds
	[Pending][1] (Fleet in SaintPetersburg) holds
	[Pending][1] (Army in Warsaw) holds
	[Pending][1] (Fleet in Sevastopol) holds
	[Pending][1] (Army in Rome) holds
	[Pending][1] (Fleet in Naples) holds
	[Pending][1] (Army in Venice) holds
	[Pending][1] (Fleet in Ankara) holds
	[Pending][1] (Army in Smyrna) holds
	[Pending][1] (Fleet in London) holds
	[Pending][1] (Army in Liverpool) holds
	[Pending][1] (Fleet in Edinburgh) holds
	[Pending][1] (Army in Berlin) holds
	[Pending][1] (Army in Munich) holds
	[Pending][1] (Fleet in Kiel) holds
	[Pending][1] (Army in Marseilles) holds
	[Pending][1] (Army in Paris) holds
	[Pending][1] (Fleet in Brest) holds
[Pending][1] (Army in Berlin) holds: 
	[Pending][1] (Army in Moscow) holds
	[Pending][1] (Fleet in SaintPetersburg) holds
	[Pending][1] (Army in Warsaw) holds
	[Pending][1] (Fleet in Sevastopol) holds
	[Pending][1] (Army in Rome) holds
	[Pending][1] (Fleet in Naples) holds
	[Pending][1] (Army in Venice) holds
	[Pending][1] (Fleet in Ankara) holds
	[Pending][1] (Army in Constantinople) holds
	[Pending][1] (Army in Smyrna) holds
	[Pending][1] (Fleet in London) holds
	[Pending][1] (Army in Liverpool) holds
	[Pending][1] (Fleet in Edinburgh) holds
	[Pending][1] (Army in Munich) holds
	[Pending][1] (Fleet in Kiel) holds
	[Pending][1] (Army in Marseilles) holds
	[Pending][1] (Army in Paris) holds
	[Pending][1] (Fleet in Brest) holds
[Pending][1] (Army in Smyrna) holds: 
	[Pending][1] (Army in Moscow) holds
	[Pending][1] (Fleet in SaintPetersburg) holds
	[Pending][1] (Army in Warsaw) holds
	[Pending][1] (Fleet in Sevastopol) holds
	[Pending][1] (Army in Rome) holds
	[Pending][1] (Fleet in Naples) holds
	[Pending][1] (Army in Venice) holds
	[Pending][1] (Fleet in Ankara) holds
	[Pending][1] (Army in Constantinople) holds
	[Pending][1] (Fleet in London) holds
	[Pending][1] (Army in Liverpool) holds
	[Pending][1] (Fleet in Edinburgh) holds
	[Pending][1] (Army in Berlin) holds
	[Pending][1] (Army in Munich) holds
	[Pending][1] (Fleet in Kiel) holds
	[Pending][1] (Army in Marseilles) holds
	[Pending][1] (Army in Paris) holds
	[Pending][1] (Fleet in Brest) holds
[Pending][1] (Fleet in Sevastopol) holds: 
	[Pending][1] (Army in Moscow) holds
	[Pending][1] (Fleet in SaintPetersburg) holds
	[Pending][1] (Army in Warsaw) holds
	[Pending][1] (Army in Rome) holds
	[Pending][1] (Fleet in Naples) holds
	[Pending][1] (Army in Venice) holds
	[Pending][1] (Fleet in Ankara) holds
	[Pending][1] (Army in Constantinople) holds
	[Pending][1] (Army in Smyrna) holds
	[Pending][1] (Fleet in London) holds
	[Pending][1] (Army in Liverpool) holds
	[Pending][1] (Fleet in Edinburgh) holds
	[Pending][1] (Army in Berlin) holds
	[Pending][1] (Army in Munich) holds
	[Pending][1] (Fleet in Kiel) holds
	[Pending][1] (Army in Marseilles) holds
	[Pending][1] (Army in Paris) holds
	[Pending][1] (Fleet in Brest) holds
[Pending][1] (Army in Munich) holds: 
	[Pending][1] (Army in Moscow) holds
	[Pending][1] (Fleet in SaintPetersburg) holds
	[Pending][1] (Army in Warsaw) holds
	[Pending][1] (Fleet in Sevastopol) holds
	[Pending][1] (Army in Rome) holds
	[Pending][1] (Fleet in Naples) holds
	[Pending][1] (Army in Venice) holds
	[Pending][1] (Fleet in Ankara) holds
	[Pending][1] (Army in Constantinople) holds
	[Pending][1] (Army in Smyrna) holds
	[Pending][1] (Fleet in London) holds
	[Pending][1] (Army in Liverpool) holds
	[Pending][1] (Fleet in Edinburgh) holds
	[Pending][1] (Army in Berlin) holds
	[Pending][1] (Fleet in Kiel) holds
	[Pending][1] (Army in Marseilles) holds
	[Pending][1] (Army in Paris) holds
	[Pending][1] (Fleet in Brest) holds
[Pending][1] (Army in Rome) holds: 
	[Pending][1] (Army in Moscow) holds
	[Pending][1] (Fleet in SaintPetersburg) holds
	[Pending][1] (Army in Warsaw) holds
	[Pending][1] (Fleet in Sevastopol) holds
	[Pending][1] (Fleet in Naples) holds
	[Pending][1] (Army in Venice) holds
	[Pending][1] (Fleet in Ankara) holds
	[Pending][1] (Army in Constantinople) holds
	[Pending][1] (Army in Smyrna) holds
	[Pending][1] (Fleet in London) holds
	[Pending][1] (Army in Liverpool) holds
	[Pending][1] (Fleet in Edinburgh) holds
	[Pending][1] (Army in Berlin) holds
	[Pending][1] (Army in Munich) holds
	[Pending][1] (Fleet in Kiel) holds
	[Pending][1] (Army in Marseilles) holds
	[Pending][1] (Army in Paris) holds
	[Pending][1] (Fleet in Brest) holds
--orders review--
[Succeeded][1] (Fleet in Naples) holds: 
	[Succeeded][1] (Army in Moscow) holds
	[Succeeded][1] (Fleet in SaintPetersburg) holds
	[Succeeded][1] (Army in Warsaw) holds
	[Succeeded][1] (Fleet in Sevastopol) holds
	[Succeeded][1] (Army in Rome) holds
	[Succeeded][1] (Army in Venice) holds
	[Succeeded][1] (Fleet in Ankara) holds
	[Succeeded][1] (Army in Constantinople) holds
	[Succeeded][1] (Army in Smyrna) holds
	[Succeeded][1] (Fleet in London) holds
	[Succeeded][1] (Army in Liverpool) holds
	[Succeeded][1] (Fleet in Edinburgh) holds
	[Succeeded][1] (Army in Berlin) holds
	[Succeeded][1] (Army in Munich) holds
	[Succeeded][1] (Fleet in Kiel) holds
	[Succeeded][1] (Army in Marseilles) holds
	[Succeeded][1] (Army in Paris) holds
	[Succeeded][1] (Fleet in Brest) holds
[Succeeded][1] (Fleet in London) holds: 
	[Succeeded][1] (Army in Moscow) holds
	[Succeeded][1] (Fleet in SaintPetersburg) holds
	[Succeeded][1] (Army in Warsaw) holds
	[Succeeded][1] (Fleet in Sevastopol) holds
	[Succeeded][1] (Army in Rome) holds
	[Succeeded][1] (Fleet in Naples) holds
	[Succeeded][1] (Army in Venice) holds
	[Succeeded][1] (Fleet in Ankara) holds
	[Succeeded][1] (Army in Constantinople) holds
	[Succeeded][1] (Army in Smyrna) holds
	[Succeeded][1] (Army in Liverpool) holds
	[Succeeded][1] (Fleet in Edinburgh) holds
	[Succeeded][1] (Army in Berlin) holds
	[Succeeded][1] (Army in Munich) holds
	[Succeeded][1] (Fleet in Kiel) holds
	[Succeeded][1] (Army in Marseilles) holds
	[Succeeded][1] (Army in Paris) holds
	[Succeeded][1] (Fleet in Brest) holds
[Succeeded][1] (Fleet in Kiel) holds: 
	[Succeeded][1] (Army in Moscow) holds
	[Succeeded][1] (Fleet in SaintPetersburg) holds
	[Succeeded][1] (Army in Warsaw) holds
	[Succeeded][1] (Fleet in Sevastopol) holds
	[Succeeded][1] (Army in Rome) holds
	[Succeeded][1] (Fleet in Naples) holds
	[Succeeded][1] (Army in Venice) holds
	[Succeeded][1] (Fleet in Ankara) holds
	[Succeeded][1] (Army in Constantinople) holds
	[Succeeded][1] (Army in Smyrna) holds
	[Succeeded][1] (Fleet in London) holds
	[Succeeded][1] (Army in Liverpool) holds
	[Succeeded][1] (Fleet in Edinburgh) holds
	[Succeeded][1] (Army in Berlin) holds
	[Succeeded][1] (Army in Munich) holds
	[Succeeded][1] (Army in Marseilles) holds
	[Succeeded][1] (Army in Paris) holds
	[Succeeded][1] (Fleet in Brest) holds
[Succeeded][1] (Army in Moscow) holds: 
	[Succeeded][1] (Fleet in SaintPetersburg) holds
	[Succeeded][1] (Army in Warsaw) holds
	[Succeeded][1] (Fleet in Sevastopol) holds
	[Succeeded][1] (Army in Rome) holds
	[Succeeded][1] (Fleet in Naples) holds
	[Succeeded][1] (Army in Venice) holds
	[Succeeded][1] (Fleet in Ankara) holds
	[Succeeded][1] (Army in Constantinople) holds
	[Succeeded][1] (Army in Smyrna) holds
	[Succeeded][1] (Fleet in London) holds
	[Succeeded][1] (Army in Liverpool) holds
	[Succeeded][1] (Fleet in Edinburgh) holds
	[Succeeded][1] (Army in Berlin) holds
	[Succeeded][1] (Army in Munich) holds
	[Succeeded][1] (Fleet in Kiel) holds
	[Succeeded][1] (Army in Marseilles) holds
	[Succeeded][1] (Army in Paris) holds
	[Succeeded][1] (Fleet in Brest) holds
[Succeeded][1] (Army in Liverpool) holds: 
	[Succeeded][1] (Army in Moscow) holds
	[Succeeded][1] (Fleet in SaintPetersburg) holds
	[Succeeded][1] (Army in Warsaw) holds
	[Succeeded][1] (Fleet in Sevastopol) holds
	[Succeeded][1] (Army in Rome) holds
	[Succeeded][1] (Fleet in Naples) holds
	[Succeeded][1] (Army in Venice) holds
	[Succeeded][1] (Fleet in Ankara) holds
	[Succeeded][1] (Army in Constantinople) holds
	[Succeeded][1] (Army in Smyrna) holds
	[Succeeded][1] (Fleet in London) holds
	[Succeeded][1] (Fleet in Edinburgh) holds
	[Succeeded][1] (Army in Berlin) holds
	[Succeeded][1] (Army in Munich) holds
	[Succeeded][1] (Fleet in Kiel) holds
	[Succeeded][1] (Army in Marseilles) holds
	[Succeeded][1] (Army in Paris) holds
	[Succeeded][1] (Fleet in Brest) holds
[Succeeded][1] (Fleet in SaintPetersburg) holds: 
	[Succeeded][1] (Army in Moscow) holds
	[Succeeded][1] (Army in Warsaw) holds
	[Succeeded][1] (Fleet in Sevastopol) holds
	[Succeeded][1] (Army in Rome) holds
	[Succeeded][1] (Fleet in Naples) holds
	[Succeeded][1] (Army in Venice) holds
	[Succeeded][1] (Fleet in Ankara) holds
	[Succeeded][1] (Army in Constantinople) holds
	[Succeeded][1] (Army in Smyrna) holds
	[Succeeded][1] (Fleet in London) holds
	[Succeeded][1] (Army in Liverpool) holds
	[Succeeded][1] (Fleet in Edinburgh) holds
	[Succeeded][1] (Army in Berlin) holds
	[Succeeded][1] (Army in Munich) holds
	[Succeeded][1] (Fleet in Kiel) holds
	[Succeeded][1] (Army in Marseilles) holds
	[Succeeded][1] (Army in Paris) holds
	[Succeeded][1] (Fleet in Brest) holds
[Succeeded][1] (Army in Marseilles) holds: 
	[Succeeded][1] (Army in Moscow) holds
	[Succeeded][1] (Fleet in SaintPetersburg) holds
	[Succeeded][1] (Army in Warsaw) holds
	[Succeeded][1] (Fleet in Sevastopol) holds
	[Succeeded][1] (Army in Rome) holds
	[Succeeded][1] (Fleet in Naples) holds
	[Succeeded][1] (Army in Venice) holds
	[Succeeded][1] (Fleet in Ankara) holds
	[Succeeded][1] (Army in Constantinople) holds
	[Succeeded][1] (Army in Smyrna) holds
	[Succeeded][1] (Fleet in London) holds
	[Succeeded][1] (Army in Liverpool) holds
	[Succeeded][1] (Fleet in Edinburgh) holds
	[Succeeded][1] (Army in Berlin) holds
	[Succeeded][1] (Army in Munich) holds
	[Succeeded][1] (Fleet in Kiel) holds
	[Succeeded][1] (Army in Paris) holds
	[Succeeded][1] (Fleet in Brest) holds
[Succeeded][1] (Army in Venice) holds: 
	[Succeeded][1] (Army in Moscow) holds
	[Succeeded][1] (Fleet in SaintPetersburg) holds
	[Succeeded][1] (Army in Warsaw) holds
	[Succeeded][1] (Fleet in Sevastopol) holds
	[Succeeded][1] (Army in Rome) holds
	[Succeeded][1] (Fleet in Naples) holds
	[Succeeded][1] (Fleet in Ankara) holds
	[Succeeded][1] (Army in Constantinople) holds
	[Succeeded][1] (Army in Smyrna) holds
	[Succeeded][1] (Fleet in London) holds
	[Succeeded][1] (Army in Liverpool) holds
	[Succeeded][1] (Fleet in Edinburgh) holds
	[Succeeded][1] (Army in Berlin) holds
	[Succeeded][1] (Army in Munich) holds
	[Succeeded][1] (Fleet in Kiel) holds
	[Succeeded][1] (Army in Marseilles) holds
	[Succeeded][1] (Army in Paris) holds
	[Succeeded][1] (Fleet in Brest) holds
[Succeeded][1] (Army in Paris) holds: 
	[Succeeded][1] (Army in Moscow) holds
	[Succeeded][1] (Fleet in SaintPetersburg) holds
	[Succeeded][1] (Army in Warsaw) holds
	[Succeeded][1] (Fleet in Sevastopol) holds
	[Succeeded][1] (Army in Rome) holds
	[Succeeded][1] (Fleet in Naples) holds
	[Succeeded][1] (Army in Venice) holds
	[Succeeded][1] (Fleet in Ankara) holds
	[Succeeded][1] (Army in Constantinople) holds
	[Succeeded][1] (Army in Smyrna) holds
	[Succeeded][1] (Fleet in London) holds
	[Succeeded][1] (Army in Liverpool) holds
	[Succeeded][1] (Fleet in Edinburgh) holds
	[Succeeded][1] (Army in Berlin) holds
	[Succeeded][1] (Army in Munich) holds
	[Succeeded][1] (Fleet in Kiel) holds
	[Succeeded][1] (Army in Marseilles) holds
	[Succeeded][1] (Fleet in Brest) holds
[Succeeded][1] (Fleet in Edinburgh) holds: 
	[Succeeded][1] (Army in Moscow) holds
	[Succeeded][1] (Fleet in SaintPetersburg) holds
	[Succeeded][1] (Army in Warsaw) holds
	[Succeeded][1] (Fleet in Sevastopol) holds
	[Succeeded][1] (Army in Rome) holds
	[Succeeded][1] (Fleet in Naples) holds
	[Succeeded][1] (Army in Venice) holds
	[Succeeded][1] (Fleet in Ankara) holds
	[Succeeded][1] (Army in Constantinople) holds
	[Succeeded][1] (Army in Smyrna) holds
	[Succeeded][1] (Fleet in London) holds
	[Succeeded][1] (Army in Liverpool) holds
	[Succeeded][1] (Army in Berlin) holds
	[Succeeded][1] (Army in Munich) holds
	[Succeeded][1] (Fleet in Kiel) holds
	[Succeeded][1] (Army in Marseilles) holds
	[Succeeded][1] (Army in Paris) holds
	[Succeeded][1] (Fleet in Brest) holds
[Succeeded][1] (Fleet in Ankara) holds: 
	[Succeeded][1] (Army in Moscow) holds
	[Succeeded][1] (Fleet in SaintPetersburg) holds
	[Succeeded][1] (Army in Warsaw) holds
	[Succeeded][1] (Fleet in Sevastopol) holds
	[Succeeded][1] (Army in Rome) holds
	[Succeeded][1] (Fleet in Naples) holds
	[Succeeded][1] (Army in Venice) holds
	[Succeeded][1] (Army in Constantinople) holds
	[Succeeded][1] (Army in Smyrna) holds
	[Succeeded][1] (Fleet in London) holds
	[Succeeded][1] (Army in Liverpool) holds
	[Succeeded][1] (Fleet in Edinburgh) holds
	[Succeeded][1] (Army in Berlin) holds
	[Succeeded][1] (Army in Munich) holds
	[Succeeded][1] (Fleet in Kiel) holds
	[Succeeded][1] (Army in Marseilles) holds
	[Succeeded][1] (Army in Paris) holds
	[Succeeded][1] (Fleet in Brest) holds
[Succeeded][1] (Army in Warsaw) holds: 
	[Succeeded][1] (Army in Moscow) holds
	[Succeeded][1] (Fleet in SaintPetersburg) holds
	[Succeeded][1] (Fleet in Sevastopol) holds
	[Succeeded][1] (Army in Rome) holds
	[Succeeded][1] (Fleet in Naples) holds
	[Succeeded][1] (Army in Venice) holds
	[Succeeded][1] (Fleet in Ankara) holds
	[Succeeded][1] (Army in Constantinople) holds
	[Succeeded][1] (Army in Smyrna) holds
	[Succeeded][1] (Fleet in London) holds
	[Succeeded][1] (Army in Liverpool) holds
	[Succeeded][1] (Fleet in Edinburgh) holds
	[Succeeded][1] (Army in Berlin) holds
	[Succeeded][1] (Army in Munich) holds
	[Succeeded][1] (Fleet in Kiel) holds
	[Succeeded][1] (Army in Marseilles) holds
	[Succeeded][1] (Army in Paris) holds
	[Succeeded][1] (Fleet in Brest) holds
[Succeeded][1] (Fleet in Brest) holds: 
	[Succeeded][1] (Army in Moscow) holds
	[Succeeded][1] (Fleet in SaintPetersburg) holds
	[Succeeded][1] (Army in Warsaw) holds
	[Succeeded][1] (Fleet in Sevastopol) holds
	[Succeeded][1] (Army in Rome) holds
	[Succeeded][1] (Fleet in Naples) holds
	[Succeeded][1] (Army in Venice) holds
	[Succeeded][1] (Fleet in Ankara) holds
	[Succeeded][1] (Army in Constantinople) holds
	[Succeeded][1] (Army in Smyrna) holds
	[Succeeded][1] (Fleet in London) holds
	[Succeeded][1] (Army in Liverpool) holds
	[Succeeded][1] (Fleet in Edinburgh) holds
	[Succeeded][1] (Army in Berlin) holds
	[Succeeded][1] (Army in Munich) holds
	[Succeeded][1] (Fleet in Kiel) holds
	[Succeeded][1] (Army in Marseilles) holds
	[Succeeded][1] (Army in Paris) holds
[Succeeded][1] (Army in Constantinople) holds: 
	[Succeeded][1] (Army in Moscow) holds
	[Succeeded][1] (Fleet in SaintPetersburg) holds
	[Succeeded][1] (Army in Warsaw) holds
	[Succeeded][1] (Fleet in Sevastopol) holds
	[Succeeded][1] (Army in Rome) holds
	[Succeeded][1] (Fleet in Naples) holds
	[Succeeded][1] (Army in Venice) holds
	[Succeeded][1] (Fleet in Ankara) holds
	[Succeeded][1] (Army in Smyrna) holds
	[Succeeded][1] (Fleet in London) holds
	[Succeeded][1] (Army in Liverpool) holds
	[Succeeded][1] (Fleet in Edinburgh) holds
	[Succeeded][1] (Army in Berlin) holds
	[Succeeded][1] (Army in Munich) holds
	[Succeeded][1] (Fleet in Kiel) holds
	[Succeeded][1] (Army in Marseilles) holds
	[Succeeded][1] (Army in Paris) holds
	[Succeeded][1] (Fleet in Brest) holds
[Succeeded][1] (Army in Berlin) holds: 
	[Succeeded][1] (Army in Moscow) holds
	[Succeeded][1] (Fleet in SaintPetersburg) holds
	[Succeeded][1] (Army in Warsaw) holds
	[Succeeded][1] (Fleet in Sevastopol) holds
	[Succeeded][1] (Army in Rome) holds
	[Succeeded][1] (Fleet in Naples) holds
	[Succeeded][1] (Army in Venice) holds
	[Succeeded][1] (Fleet in Ankara) holds
	[Succeeded][1] (Army in Constantinople) holds
	[Succeeded][1] (Army in Smyrna) holds
	[Succeeded][1] (Fleet in London) holds
	[Succeeded][1] (Army in Liverpool) holds
	[Succeeded][1] (Fleet in Edinburgh) holds
	[Succeeded][1] (Army in Munich) holds
	[Succeeded][1] (Fleet in Kiel) holds
	[Succeeded][1] (Army in Marseilles) holds
	[Succeeded][1] (Army in Paris) holds
	[Succeeded][1] (Fleet in Brest) holds
[Succeeded][1] (Army in Smyrna) holds: 
	[Succeeded][1] (Army in Moscow) holds
	[Succeeded][1] (Fleet in SaintPetersburg) holds
	[Succeeded][1] (Army in Warsaw) holds
	[Succeeded][1] (Fleet in Sevastopol) holds
	[Succeeded][1] (Army in Rome) holds
	[Succeeded][1] (Fleet in Naples) holds
	[Succeeded][1] (Army in Venice) holds
	[Succeeded][1] (Fleet in Ankara) holds
	[Succeeded][1] (Army in Constantinople) holds
	[Succeeded][1] (Fleet in London) holds
	[Succeeded][1] (Army in Liverpool) holds
	[Succeeded][1] (Fleet in Edinburgh) holds
	[Succeeded][1] (Army in Berlin) holds
	[Succeeded][1] (Army in Munich) holds
	[Succeeded][1] (Fleet in Kiel) holds
	[Succeeded][1] (Army in Marseilles) holds
	[Succeeded][1] (Army in Paris) holds
	[Succeeded][1] (Fleet in Brest) holds
[Succeeded][1] (Fleet in Sevastopol) holds: 
	[Succeeded][1] (Army in Moscow) holds
	[Succeeded][1] (Fleet in SaintPetersburg) holds
	[Succeeded][1] (Army in Warsaw) holds
	[Succeeded][1] (Army in Rome) holds
	[Succeeded][1] (Fleet in Naples) holds
	[Succeeded][1] (Army in Venice) holds
	[Succeeded][1] (Fleet in Ankara) holds
	[Succeeded][1] (Army in Constantinople) holds
	[Succeeded][1] (Army in Smyrna) holds
	[Succeeded][1] (Fleet in London) holds
	[Succeeded][1] (Army in Liverpool) holds
	[Succeeded][1] (Fleet in Edinburgh) holds
	[Succeeded][1] (Army in Berlin) holds
	[Succeeded][1] (Army in Munich) holds
	[Succeeded][1] (Fleet in Kiel) holds
	[Succeeded][1] (Army in Marseilles) holds
	[Succeeded][1] (Army in Paris) holds
	[Succeeded][1] (Fleet in Brest) holds
[Succeeded][1] (Army in Munich) holds: 
	[Succeeded][1] (Army in Moscow) holds
	[Succeeded][1] (Fleet in SaintPetersburg) holds
	[Succeeded][1] (Army in Warsaw) holds
	[Succeeded][1] (Fleet in Sevastopol) holds
	[Succeeded][1] (Army in Rome) holds
	[Succeeded][1] (Fleet in Naples) holds
	[Succeeded][1] (Army in Venice) holds
	[Succeeded][1] (Fleet in Ankara) holds
	[Succeeded][1] (Army in Constantinople) holds
	[Succeeded][1] (Army in Smyrna) holds
	[Succeeded][1] (Fleet in London) holds
	[Succeeded][1] (Army in Liverpool) holds
	[Succeeded][1] (Fleet in Edinburgh) holds
	[Succeeded][1] (Army in Berlin) holds
	[Succeeded][1] (Fleet in Kiel) holds
	[Succeeded][1] (Army in Marseilles) holds
	[Succeeded][1] (Army in Paris) holds
	[Succeeded][1] (Fleet in Brest) holds
[Succeeded][1] (Army in Rome) holds: 
	[Succeeded][1] (Army in Moscow) holds
	[Succeeded][1] (Fleet in SaintPetersburg) holds
	[Succeeded][1] (Army in Warsaw) holds
	[Succeeded][1] (Fleet in Sevastopol) holds
	[Succeeded][1] (Fleet in Naples) holds
	[Succeeded][1] (Army in Venice) holds
	[Succeeded][1] (Fleet in Ankara) holds
	[Succeeded][1] (Army in Constantinople) holds
	[Succeeded][1] (Army in Smyrna) holds
	[Succeeded][1] (Fleet in London) holds
	[Succeeded][1] (Army in Liverpool) holds
	[Succeeded][1] (Fleet in Edinburgh) holds
	[Succeeded][1] (Army in Berlin) holds
	[Succeeded][1] (Army in Munich) holds
	[Succeeded][1] (Fleet in Kiel) holds
	[Succeeded][1] (Army in Marseilles) holds
	[Succeeded][1] (Army in Paris) holds
	[Succeeded][1] (Fleet in Brest) holds


--dependency graph--
[Pending][1] (Fleet in London) holds: 
	[Pending][1] (Army in Moscow) holds
	[Pending][1] (Fleet in SaintPetersburg) holds
	[Pending][1] (Fleet in Sevastopol) holds
	[Pending][1] (Army in Warsaw) holds
	[Pending][1] (Army in Rome) holds
	[Pending][1] (Fleet in Naples) holds
	[Pending][1] (Army in Venice) holds
	[Pending][1] (Fleet in Ankara) holds
	[Pending][1] (Army in Constantinople) holds
	[Pending][1] (Army in Smyrna) holds
	[Pending][1] (Army in Liverpool) holds
	[Pending][1] (Fleet in Edinburgh) holds
	[Pending][1] (Army in Berlin) holds
	[Pending][1] (Army in Munich) holds
	[Pending][1] (Fleet in Kiel) holds
	[Pending][1] (Army in Paris) holds
	[Pending][1] (Fleet in Brest) holds
	[Pending][1] (Army in Marseilles) holds
[Pending][1] (Fleet in Kiel) holds: 
	[Pending][1] (Army in Moscow) holds
	[Pending][1] (Fleet in SaintPetersburg) holds
	[Pending][1] (Fleet in Sevastopol) holds
	[Pending][1] (Army in Warsaw) holds
	[Pending][1] (Army in Rome) holds
	[Pending][1] (Fleet in Naples) holds
	[Pending][1] (Army in Venice) holds
	[Pending][1] (Fleet in Ankara) holds
	[Pending][1] (Army in Constantinople) holds
	[Pending][1] (Army in Smyrna) holds
	[Pending][1] (Fleet in London) holds
	[Pending][1] (Army in Liverpool) holds
	[Pending][1] (Fleet in Edinburgh) holds
	[Pending][1] (Army in Berlin) holds
	[Pending][1] (Army in Munich) holds
	[Pending][1] (Army in Paris) holds
	[Pending][1] (Fleet in Brest) holds
	[Pending][1] (Army in Marseilles) holds
[Pending][1] (Army in Moscow) holds: 
	[Pending][1] (Fleet in SaintPetersburg) holds
	[Pending][1] (Fleet in Sevastopol) holds
	[Pending][1] (Army in Warsaw) holds
	[Pending][1] (Army in Rome) holds
	[Pending][1] (Fleet in Naples) holds
	[Pending][1] (Army in Venice) holds
	[Pending][1] (Fleet in Ankara) holds
	[Pending][1] (Army in Constantinople) holds
	[Pending][1] (Army in Smyrna) holds
	[Pending][1] (Fleet in London) holds
	[Pending][1] (Army in Liverpool) holds
	[Pending][1] (Fleet in Edinburgh) holds
	[Pending][1] (Army in Berlin) holds
	[Pending][1] (Army in Munich) holds
	[Pending][1] (Fleet in Kiel) holds
	[Pending][1] (Army in Paris) holds
	[Pending][1] (Fleet in Brest) holds
	[Pending][1] (Army in Marseilles) holds
[Pending][1] (Fleet in Naples) holds: 
	[Pending][1] (Army in Moscow) holds
	[Pending][1] (Fleet in SaintPetersburg) holds
	[Pending][1] (Fleet in Sevastopol) holds
	[Pending][1] (Army in Warsaw) holds
	[Pending][1] (Army in Rome) holds
	[Pending][1] (Army in Venice) holds
	[Pending][1] (Fleet in Ankara) holds
	[Pending][1] (Army in Constantinople) holds
	[Pending][1] (Army in Smyrna) holds
	[Pending][1] (Fleet in London) holds
	[Pending][1] (Army in Liverpool) holds
	[Pending][1] (Fleet in Edinburgh) holds
	[Pending][1] (Army in Berlin) holds
	[Pending][1] (Army in Munich) holds
	[Pending][1] (Fleet in Kiel) holds
	[Pending][1] (Army in Paris) holds
	[Pending][1] (Fleet in Brest) holds
	[Pending][1] (Army in Marseilles) holds
[Pending][1] (Army in Paris) holds: 
	[Pending][1] (Army in Moscow) holds
	[Pending][1] (Fleet in SaintPetersburg) holds
	[Pending][1] (Fleet in Sevastopol) holds
	[Pending][1] (Army in Warsaw) holds
	[Pending][1] (Army in Rome) holds
	[Pending][1] (Fleet in Naples) holds
	[Pending][1] (Army in Venice) holds
	[Pending][1] (Fleet in Ankara) holds
	[Pending][1] (Army in Constantinople) holds
	[Pending][1] (Army in Smyrna) holds
	[Pending][1] (Fleet in London) holds
	[Pending][1] (Army in Liverpool) holds
	[Pending][1] (Fleet in Edinburgh) holds
	[Pending][1] (Army in Berlin) holds
	[Pending][1] (Army in Munich) holds
	[Pending][1] (Fleet in Kiel) holds
	[Pending][1] (Fleet in Brest) holds
	[Pending][1] (Army in Marseilles) holds
[Pending][1] (Army in Liverpool) holds: 
	[Pending][1] (Army in Moscow) holds
	[Pending][1] (Fleet in SaintPetersburg) holds
	[Pending][1] (Fleet in Sevastopol) holds
	[Pending][1] (Army in Warsaw) holds
	[Pending][1] (Army in Rome) holds
	[Pending][1] (Fleet in Naples) holds
	[Pending][1] (Army in Venice) holds
	[Pending][1] (Fleet in Ankara) holds
	[Pending][1] (Army in Constantinople) holds
	[Pending][1] (Army in Smyrna) holds
	[Pending][1] (Fleet in London) holds
	[Pending][1] (Fleet in Edinburgh) holds
	[Pending][1] (Army in Berlin) holds
	[Pending][1] (Army in Munich) holds
	[Pending][1] (Fleet in Kiel) holds
	[Pending][1] (Army in Paris) holds
	[Pending][1] (Fleet in Brest) holds
	[Pending][1] (Army in Marseilles) holds
[Pending][1] (Fleet in SaintPetersburg) holds: 
	[Pending][1] (Army in Moscow) holds
	[Pending][1] (Fleet in Sevastopol) holds
	[Pending][1] (Army in Warsaw) holds
	[Pending][1] (Army in Rome) holds
	[Pending][1] (Fleet in Naples) holds
	[Pending][1] (Army in Venice) holds
	[Pending][1] (Fleet in Ankara) holds
	[Pending][1] (Army in Constantinople) holds
	[Pending][1] (Army in Smyrna) holds
	[Pending][1] (Fleet in London) holds
	[Pending][1] (Army in Liverpool) holds
	[Pending][1] (Fleet in Edinburgh) holds
	[Pending][1] (Army in Berlin) holds
	[Pending][1] (Army in Munich) holds
	[Pending][1] (Fleet in Kiel) holds
	[Pending][1] (Army in Paris) holds
	[Pending][1] (Fleet in Brest) holds
	[Pending][1] (Army in Marseilles) holds
[Pending][1] (Army in Venice) holds: 
	[Pending][1] (Army in Moscow) holds
	[Pending][1] (Fleet in SaintPetersburg) holds
	[Pending][1] (Fleet in Sevastopol) holds
	[Pending][1] (Army in Warsaw) holds
	[Pending][1] (Army in Rome) holds
	[Pending][1] (Fleet in Naples) holds
	[Pending][1] (Fleet in Ankara) holds
	[Pending][1] (Army in Constantinople) holds
	[Pending][1] (Army in Smyrna) holds
	[Pending][1] (Fleet in London) holds
	[Pending][1] (Army in Liverpool) holds
	[Pending][1] (Fleet in Edinburgh) holds
	[Pending][1] (Army in Berlin) holds
	[Pending][1] (Army in Munich) holds
	[Pending][1] (Fleet in Kiel) holds
	[Pending][1] (Army in Paris) holds
	[Pending][1] (Fleet in Brest) holds
	[Pending][1] (Army in Marseilles) holds
[Pending][1] (Fleet in Brest) holds: 
	[Pending][1] (Army in Moscow) holds
	[Pending][1] (Fleet in SaintPetersburg) holds
	[Pending][1] (Fleet in Sevastopol) holds
	[Pending][1] (Army in Warsaw) holds
	[Pending][1] (Army in Rome) holds
	[Pending][1] (Fleet in Naples) holds
	[Pending][1] (Army in Venice) holds
	[Pending][1] (Fleet in Ankara) holds
	[Pending][1] (Army in Constantinople) holds
	[Pending][1] (Army in Smyrna) holds
	[Pending][1] (Fleet in London) holds
	[Pending][1] (Army in Liverpool) holds
	[Pending][1] (Fleet in Edinburgh) holds
	[Pending][1] (Army in Berlin) holds
	[Pending][1] (Army in Munich) holds
	[Pending][1] (Fleet in Kiel) holds
	[Pending][1] (Army in Paris) holds
	[Pending][1] (Army in Marseilles) holds
[Pending][1] (Fleet in Edinburgh) holds: 
	[Pending][1] (Army in Moscow) holds
	[Pending][1] (Fleet in SaintPetersburg) holds
	[Pending][1] (Fleet in Sevastopol) holds
	[Pending][1] (Army in Warsaw) holds
	[Pending][1] (Army in Rome) holds
	[Pending][1] (Fleet in Naples) holds
	[Pending][1] (Army in Venice) holds
	[Pending][1] (Fleet in Ankara) holds
	[Pending][1] (Army in Constantinople) holds
	[Pending][1] (Army in Smyrna) holds
	[Pending][1] (Fleet in London) holds
	[Pending][1] (Army in Liverpool) holds
	[Pending][1] (Army in Berlin) holds
	[Pending][1] (Army in Munich) holds
	[Pending][1] (Fleet in Kiel) holds
	[Pending][1] (Army in Paris) holds
	[Pending][1] (Fleet in Brest) holds
	[Pending][1] (Army in Marseilles) holds
[Pending][1] (Army in Marseilles) holds: 
	[Pending][1] (Army in Moscow) holds
	[Pending][1] (Fleet in SaintPetersburg) holds
	[Pending][1] (Fleet in Sevastopol) holds
	[Pending][1] (Army in Warsaw) holds
	[Pending][1] (Army in Rome) holds
	[Pending][1] (Fleet in Naples) holds
	[Pending][1] (Army in Venice) holds
	[Pending][1] (Fleet in Ankara) holds
	[Pending][1] (Army in Constantinople) holds
	[Pending][1] (Army in Smyrna) holds
	[Pending][1] (Fleet in London) holds
	[Pending][1] (Army in Liverpool) holds
	[Pending][1] (Fleet in Edinburgh) holds
	[Pending][1] (Army in Berlin) holds
	[Pending][1] (Army in Munich) holds
	[Pending][1] (Fleet in Kiel) holds
	[Pending][1] (Army in Paris) holds
	[Pending][1] (Fleet in Brest) holds
[Pending][1] (Fleet in Ankara) holds: 
	[Pending][1] (Army in Moscow) holds
	[Pending][1] (Fleet in SaintPetersburg) holds
	[Pending][1] (Fleet in Sevastopol) holds
	[Pending][1] (Army in Warsaw) holds
	[Pending][1] (Army in Rome) holds
	[Pending][1] (Fleet in Naples) holds
	[Pending][1] (Army in Venice) holds
	[Pending][1] (Army in Constantinople) holds
	[Pending][1] (Army in Smyrna) holds
	[Pending][1] (Fleet in London) holds
	[Pending][1] (Army in Liverpool) holds
	[Pending][1] (Fleet in Edinburgh) holds
	[Pending][1] (Army in Berlin) holds
	[Pending][1] (Army in Munich) holds
	[Pending][1] (Fleet in Kiel) holds
	[Pending][1] (Army in Paris) holds
	[Pending][1] (Fleet in Brest) holds
	[Pending][1] (Army in Marseilles) holds
[Pending][1] (Army in Berlin) holds: 
	[Pending][1] (Army in Moscow) holds
	[Pending][1] (Fleet in SaintPetersburg) holds
	[Pending][1] (Fleet in Sevastopol) holds
	[Pending][1] (Army in Warsaw) holds
	[Pending][1] (Army in Rome) holds
	[Pending][1] (Fleet in Naples) holds
	[Pending][1] (Army in Venice) holds
	[Pending][1] (Fleet in Ankara) holds
	[Pending][1] (Army in Constantinople) holds
	[Pending][1] (Army in Smyrna) holds
	[Pending][1] (Fleet in London) holds
	[Pending][1] (Army in Liverpool) holds
	[Pending][1] (Fleet in Edinburgh) holds
	[Pending][1] (Army in Munich) holds
	[Pending][1] (Fleet in Kiel) holds
	[Pending][1] (Army in Paris) holds
	[Pending][1] (Fleet in Brest) holds
	[Pending][1] (Army in Marseilles) holds
[Pending][1] (Army in Constantinople) holds: 
	[Pending][1] (Army in Moscow) holds
	[Pending][1] (Fleet in SaintPetersburg) holds
	[Pending][1] (Fleet in Sevastopol) holds
	[Pending][1] (Army in Warsaw) holds
	[Pending][1] (Army in Rome) holds
	[Pending][1] (Fleet in Naples) holds
	[Pending][1] (Army in Venice) holds
	[Pending][1] (Fleet in Ankara) holds
	[Pending][1] (Army in Smyrna) holds
	[Pending][1] (Fleet in London) holds
	[Pending][1] (Army in Liverpool) holds
	[Pending][1] (Fleet in Edinburgh) holds
	[Pending][1] (Army in Berlin) holds
	[Pending][1] (Army in Munich) holds
	[Pending][1] (Fleet in Kiel) holds
	[Pending][1] (Army in Paris) holds
	[Pending][1] (Fleet in Brest) holds
	[Pending][1] (Army in Marseilles) holds
[Pending][1] (Army in Munich) holds: 
	[Pending][1] (Army in Moscow) holds
	[Pending][1] (Fleet in SaintPetersburg) holds
	[Pending][1] (Fleet in Sevastopol) holds
	[Pending][1] (Army in Warsaw) holds
	[Pending][1] (Army in Rome) holds
	[Pending][1] (Fleet in Naples) holds
	[Pending][1] (Army in Venice) holds
	[Pending][1] (Fleet in Ankara) holds
	[Pending][1] (Army in Constantinople) holds
	[Pending][1] (Army in Smyrna) holds
	[Pending][1] (Fleet in London) holds
	[Pending][1] (Army in Liverpool) holds
	[Pending][1] (Fleet in Edinburgh) holds
	[Pending][1] (Army in Berlin) holds
	[Pending][1] (Fleet in Kiel) holds
	[Pending][1] (Army in Paris) holds
	[Pending][1] (Fleet in Brest) holds
	[Pending][1] (Army in Marseilles) holds
[Pending][1] (Army in Smyrna) holds: 
	[Pending][1] (Army in Moscow) holds
	[Pending][1] (Fleet in SaintPetersburg) holds
	[Pending][1] (Fleet in Sevastopol) holds
	[Pending][1] (Army in Warsaw) holds
	[Pending][1] (Army in Rome) holds
	[Pending][1] (Fleet in Naples) holds
	[Pending][1] (Army in Venice) holds
	[Pending][1] (Fleet in Ankara) holds
	[Pending][1] (Army in Constantinople) holds
	[Pending][1] (Fleet in London) holds
	[Pending][1] (Army in Liverpool) holds
	[Pending][1] (Fleet in Edinburgh) holds
	[Pending][1] (Army in Berlin) holds
	[Pending][1] (Army in Munich) holds
	[Pending][1] (Fleet in Kiel) holds
	[Pending][1] (Army in Paris) holds
	[Pending][1] (Fleet in Brest) holds
	[Pending][1] (Army in Marseilles) holds
[Pending][1] (Fleet in Sevastopol) holds: 
	[Pending][1] (Army in Moscow) holds
	[Pending][1] (Fleet in SaintPetersburg) holds
	[Pending][1] (Army in Warsaw) holds
	[Pending][1] (Army in Rome) holds
	[Pending][1] (Fleet in Naples) holds
	[Pending][1] (Army in Venice) holds
	[Pending][1] (Fleet in Ankara) holds
	[Pending][1] (Army in Constantinople) holds
	[Pending][1] (Army in Smyrna) holds
	[Pending][1] (Fleet in London) holds
	[Pending][1] (Army in Liverpool) holds
	[Pending][1] (Fleet in Edinburgh) holds
	[Pending][1] (Army in Berlin) holds
	[Pending][1] (Army in Munich) holds
	[Pending][1] (Fleet in Kiel) holds
	[Pending][1] (Army in Paris) holds
	[Pending][1] (Fleet in Brest) holds
	[Pending][1] (Army in Marseilles) holds
[Pending][1] (Army in Warsaw) holds: 
	[Pending][1] (Army in Moscow) holds
	[Pending][1] (Fleet in SaintPetersburg) holds
	[Pending][1] (Fleet in Sevastopol) holds
	[Pending][1] (Army in Rome) holds
	[Pending][1] (Fleet in Naples) holds
	[Pending][1] (Army in Venice) holds
	[Pending][1] (Fleet in Ankara) holds
	[Pending][1] (Army in Constantinople) holds
	[Pending][1] (Army in Smyrna) holds
	[Pending][1] (Fleet in London) holds
	[Pending][1] (Army in Liverpool) holds
	[Pending][1] (Fleet in Edinburgh) holds
	[Pending][1] (Army in Berlin) holds
	[Pending][1] (Army in Munich) holds
	[Pending][1] (Fleet in Kiel) holds
	[Pending][1] (Army in Paris) holds
	[Pending][1] (Fleet in Brest) holds
	[Pending][1] (Army in Marseilles) holds
[Pending][1] (Army in Rome) holds: 
	[Pending][1] (Army in Moscow) holds
	[Pending][1] (Fleet in SaintPetersburg) holds
	[Pending][1] (Fleet in Sevastopol) holds
	[Pending][1] (Army in Warsaw) holds
	[Pending][1] (Fleet in Naples) holds
	[Pending][1] (Army in Venice) holds
	[Pending][1] (Fleet in Ankara) holds
	[Pending][1] (Army in Constantinople) holds
	[Pending][1] (Army in Smyrna) holds
	[Pending][1] (Fleet in London) holds
	[Pending][1] (Army in Liverpool) holds
	[Pending][1] (Fleet in Edinburgh) holds
	[Pending][1] (Army in Berlin) holds
	[Pending][1] (Army in Munich) holds
	[Pending][1] (Fleet in Kiel) holds
	[Pending][1] (Army in Paris) holds
	[Pending][1] (Fleet in Brest) holds
	[Pending][1] (Army in Marseilles) holds
--orders review--
[Succeeded][1] (Fleet in London) holds: 
	[Succeeded][1] (Army in Moscow) holds
	[Succeeded][1] (Fleet in SaintPetersburg) holds
	[Succeeded][1] (Fleet in Sevastopol) holds
	[Succeeded][1] (Army in Warsaw) holds
	[Succeeded][1] (Army in Rome) holds
	[Succeeded][1] (Fleet in Naples) holds
	[Succeeded][1] (Army in Venice) holds
	[Succeeded][1] (Fleet in Ankara) holds
	[Succeeded][1] (Army in Constantinople) holds
	[Succeeded][1] (Army in Smyrna) holds
	[Succeeded][1] (Army in Liverpool) holds
	[Succeeded][1] (Fleet in Edinburgh) holds
	[Succeeded][1] (Army in Berlin) holds
	[Succeeded][1] (Army in Munich) holds
	[Succeeded][1] (Fleet in Kiel) holds
	[Succeeded][1] (Army in Paris) holds
	[Succeeded][1] (Fleet in Brest) holds
	[Succeeded][1] (Army in Marseilles) holds
[Succeeded][1] (Fleet in Kiel) holds: 
	[Succeeded][1] (Army in Moscow) holds
	[Succeeded][1] (Fleet in SaintPetersburg) holds
	[Succeeded][1] (Fleet in Sevastopol) holds
	[Succeeded][1] (Army in Warsaw) holds
	[Succeeded][1] (Army in Rome) holds
	[Succeeded][1] (Fleet in Naples) holds
	[Succeeded][1] (Army in Venice) holds
	[Succeeded][1] (Fleet in Ankara) holds
	[Succeeded][1] (Army in Constantinople) holds
	[Succeeded][1] (Army in Smyrna) holds
	[Succeeded][1] (Fleet in London) holds
	[Succeeded][1] (Army in Liverpool) holds
	[Succeeded][1] (Fleet in Edinburgh) holds
	[Succeeded][1] (Army in Berlin) holds
	[Succeeded][1] (Army in Munich) holds
	[Succeeded][1] (Army in Paris) holds
	[Succeeded][1] (Fleet in Brest) holds
	[Succeeded][1] (Army in Marseilles) holds
[Succeeded][1] (Army in Moscow) holds: 
	[Succeeded][1] (Fleet in SaintPetersburg) holds
	[Succeeded][1] (Fleet in Sevastopol) holds
	[Succeeded][1] (Army in Warsaw) holds
	[Succeeded][1] (Army in Rome) holds
	[Succeeded][1] (Fleet in Naples) holds
	[Succeeded][1] (Army in Venice) holds
	[Succeeded][1] (Fleet in Ankara) holds
	[Succeeded][1] (Army in Constantinople) holds
	[Succeeded][1] (Army in Smyrna) holds
	[Succeeded][1] (Fleet in London) holds
	[Succeeded][1] (Army in Liverpool) holds
	[Succeeded][1] (Fleet in Edinburgh) holds
	[Succeeded][1] (Army in Berlin) holds
	[Succeeded][1] (Army in Munich) holds
	[Succeeded][1] (Fleet in Kiel) holds
	[Succeeded][1] (Army in Paris) holds
	[Succeeded][1] (Fleet in Brest) holds
	[Succeeded][1] (Army in Marseilles) holds
[Succeeded][1] (Fleet in Naples) holds: 
	[Succeeded][1] (Army in Moscow) holds
	[Succeeded][1] (Fleet in SaintPetersburg) holds
	[Succeeded][1] (Fleet in Sevastopol) holds
	[Succeeded][1] (Army in Warsaw) holds
	[Succeeded][1] (Army in Rome) holds
	[Succeeded][1] (Army in Venice) holds
	[Succeeded][1] (Fleet in Ankara) holds
	[Succeeded][1] (Army in Constantinople) holds
	[Succeeded][1] (Army in Smyrna) holds
	[Succeeded][1] (Fleet in London) holds
	[Succeeded][1] (Army in Liverpool) holds
	[Succeeded][1] (Fleet in Edinburgh) holds
	[Succeeded][1] (Army in Berlin) holds
	[Succeeded][1] (Army in Munich) holds
	[Succeeded][1] (Fleet in Kiel) holds
	[Succeeded][1] (Army in Paris) holds
	[Succeeded][1] (Fleet in Brest) holds
	[Succeeded][1] (Army in Marseilles) holds
[Succeeded][1] (Army in Paris) holds: 
	[Succeeded][1] (Army in Moscow) holds
	[Succeeded][1] (Fleet in SaintPetersburg) holds
	[Succeeded][1] (Fleet in Sevastopol) holds
	[Succeeded][1] (Army in Warsaw) holds
	[Succeeded][1] (Army in Rome) holds
	[Succeeded][1] (Fleet in Naples) holds
	[Succeeded][1] (Army in Venice) holds
	[Succeeded][1] (Fleet in Ankara) holds
	[Succeeded][1] (Army in Constantinople) holds
	[Succeeded][1] (Army in Smyrna) holds
	[Succeeded][1] (Fleet in London) holds
	[Succeeded][1] (Army in Liverpool) holds
	[Succeeded][1] (Fleet in Edinburgh) holds
	[Succeeded][1] (Army in Berlin) holds
	[Succeeded][1] (Army in Munich) holds
	[Succeeded][1] (Fleet in Kiel) holds
	[Succeeded][1] (Fleet in Brest) holds
	[Succeeded][1] (Army in Marseilles) holds
[Succeeded][1] (Army in Liverpool) holds: 
	[Succeeded][1] (Army in Moscow) holds
	[Succeeded][1] (Fleet in SaintPetersburg) holds
	[Succeeded][1] (Fleet in Sevastopol) holds
	[Succeeded][1] (Army in Warsaw) holds
	[Succeeded][1] (Army in Rome) holds
	[Succeeded][1] (Fleet in Naples) holds
	[Succeeded][1] (Army in Venice) holds
	[Succeeded][1] (Fleet in Ankara) holds
	[Succeeded][1] (Army in Constantinople) holds
	[Succeeded][1] (Army in Smyrna) holds
	[Succeeded][1] (Fleet in London) holds
	[Succeeded][1] (Fleet in Edinburgh) holds
	[Succeeded][1] (Army in Berlin) holds
	[Succeeded][1] (Army in Munich) holds
	[Succeeded][1] (Fleet in Kiel) holds
	[Succeeded][1] (Army in Paris) holds
	[Succeeded][1] (Fleet in Brest) holds
	[Succeeded][1] (Army in Marseilles) holds
[Succeeded][1] (Fleet in SaintPetersburg) holds: 
	[Succeeded][1] (Army in Moscow) holds
	[Succeeded][1] (Fleet in Sevastopol) holds
	[Succeeded][1] (Army in Warsaw) holds
	[Succeeded][1] (Army in Rome) holds
	[Succeeded][1] (Fleet in Naples) holds
	[Succeeded][1] (Army in Venice) holds
	[Succeeded][1] (Fleet in Ankara) holds
	[Succeeded][1] (Army in Constantinople) holds
	[Succeeded][1] (Army in Smyrna) holds
	[Succeeded][1] (Fleet in London) holds
	[Succeeded][1] (Army in Liverpool) holds
	[Succeeded][1] (Fleet in Edinburgh) holds
	[Succeeded][1] (Army in Berlin) holds
	[Succeeded][1] (Army in Munich) holds
	[Succeeded][1] (Fleet in Kiel) holds
	[Succeeded][1] (Army in Paris) holds
	[Succeeded][1] (Fleet in Brest) holds
	[Succeeded][1] (Army in Marseilles) holds
[Succeeded][1] (Army in Venice) holds: 
	[Succeeded][1] (Army in Moscow) holds
	[Succeeded][1] (Fleet in SaintPetersburg) holds
	[Succeeded][1] (Fleet in Sevastopol) holds
	[Succeeded][1] (Army in Warsaw) holds
	[Succeeded][1] (Army in Rome) holds
	[Succeeded][1] (Fleet in Naples) holds
	[Succeeded][1] (Fleet in Ankara) holds
	[Succeeded][1] (Army in Constantinople) holds
	[Succeeded][1] (Army in Smyrna) holds
	[Succeeded][1] (Fleet in London) holds
	[Succeeded][1] (Army in Liverpool) holds
	[Succeeded][1] (Fleet in Edinburgh) holds
	[Succeeded][1] (Army in Berlin) holds
	[Succeeded][1] (Army in Munich) holds
	[Succeeded][1] (Fleet in Kiel) holds
	[Succeeded][1] (Army in Paris) holds
	[Succeeded][1] (Fleet in Brest) holds
	[Succeeded][1] (Army in Marseilles) holds
[Succeeded][1] (Fleet in Brest) holds: 
	[Succeeded][1] (Army in Moscow) holds
	[Succeeded][1] (Fleet in SaintPetersburg) holds
	[Succeeded][1] (Fleet in Sevastopol) holds
	[Succeeded][1] (Army in Warsaw) holds
	[Succeeded][1] (Army in Rome) holds
	[Succeeded][1] (Fleet in Naples) holds
	[Succeeded][1] (Army in Venice) holds
	[Succeeded][1] (Fleet in Ankara) holds
	[Succeeded][1] (Army in Constantinople) holds
	[Succeeded][1] (Army in Smyrna) holds
	[Succeeded][1] (Fleet in London) holds
	[Succeeded][1] (Army in Liverpool) holds
	[Succeeded][1] (Fleet in Edinburgh) holds
	[Succeeded][1] (Army in Berlin) holds
	[Succeeded][1] (Army in Munich) holds
	[Succeeded][1] (Fleet in Kiel) holds
	[Succeeded][1] (Army in Paris) holds
	[Succeeded][1] (Army in Marseilles) holds
[Succeeded][1] (Fleet in Edinburgh) holds: 
	[Succeeded][1] (Army in Moscow) holds
	[Succeeded][1] (Fleet in SaintPetersburg) holds
	[Succeeded][1] (Fleet in Sevastopol) holds
	[Succeeded][1] (Army in Warsaw) holds
	[Succeeded][1] (Army in Rome) holds
	[Succeeded][1] (Fleet in Naples) holds
	[Succeeded][1] (Army in Venice) holds
	[Succeeded][1] (Fleet in Ankara) holds
	[Succeeded][1] (Army in Constantinople) holds
	[Succeeded][1] (Army in Smyrna) holds
	[Succeeded][1] (Fleet in London) holds
	[Succeeded][1] (Army in Liverpool) holds
	[Succeeded][1] (Army in Berlin) holds
	[Succeeded][1] (Army in Munich) holds
	[Succeeded][1] (Fleet in Kiel) holds
	[Succeeded][1] (Army in Paris) holds
	[Succeeded][1] (Fleet in Brest) holds
	[Succeeded][1] (Army in Marseilles) holds
[Succeeded][1] (Army in Marseilles) holds: 
	[Succeeded][1] (Army in Moscow) holds
	[Succeeded][1] (Fleet in SaintPetersburg) holds
	[Succeeded][1] (Fleet in Sevastopol) holds
	[Succeeded][1] (Army in Warsaw) holds
	[Succeeded][1] (Army in Rome) holds
	[Succeeded][1] (Fleet in Naples) holds
	[Succeeded][1] (Army in Venice) holds
	[Succeeded][1] (Fleet in Ankara) holds
	[Succeeded][1] (Army in Constantinople) holds
	[Succeeded][1] (Army in Smyrna) holds
	[Succeeded][1] (Fleet in London) holds
	[Succeeded][1] (Army in Liverpool) holds
	[Succeeded][1] (Fleet in Edinburgh) holds
	[Succeeded][1] (Army in Berlin) holds
	[Succeeded][1] (Army in Munich) holds
	[Succeeded][1] (Fleet in Kiel) holds
	[Succeeded][1] (Army in Paris) holds
	[Succeeded][1] (Fleet in Brest) holds
[Succeeded][1] (Fleet in Ankara) holds: 
	[Succeeded][1] (Army in Moscow) holds
	[Succeeded][1] (Fleet in SaintPetersburg) holds
	[Succeeded][1] (Fleet in Sevastopol) holds
	[Succeeded][1] (Army in Warsaw) holds
	[Succeeded][1] (Army in Rome) holds
	[Succeeded][1] (Fleet in Naples) holds
	[Succeeded][1] (Army in Venice) holds
	[Succeeded][1] (Army in Constantinople) holds
	[Succeeded][1] (Army in Smyrna) holds
	[Succeeded][1] (Fleet in London) holds
	[Succeeded][1] (Army in Liverpool) holds
	[Succeeded][1] (Fleet in Edinburgh) holds
	[Succeeded][1] (Army in Berlin) holds
	[Succeeded][1] (Army in Munich) holds
	[Succeeded][1] (Fleet in Kiel) holds
	[Succeeded][1] (Army in Paris) holds
	[Succeeded][1] (Fleet in Brest) holds
	[Succeeded][1] (Army in Marseilles) holds
[Succeeded][1] (Army in Berlin) holds: 
	[Succeeded][1] (Army in Moscow) holds
	[Succeeded][1] (Fleet in SaintPetersburg) holds
	[Succeeded][1] (Fleet in Sevastopol) holds
	[Succeeded][1] (Army in Warsaw) holds
	[Succeeded][1] (Army in Rome) holds
	[Succeeded][1] (Fleet in Naples) holds
	[Succeeded][1] (Army in Venice) holds
	[Succeeded][1] (Fleet in Ankara) holds
	[Succeeded][1] (Army in Constantinople) holds
	[Succeeded][1] (Army in Smyrna) holds
	[Succeeded][1] (Fleet in London) holds
	[Succeeded][1] (Army in Liverpool) holds
	[Succeeded][1] (Fleet in Edinburgh) holds
	[Succeeded][1] (Army in Munich) holds
	[Succeeded][1] (Fleet in Kiel) holds
	[Succeeded][1] (Army in Paris) holds
	[Succeeded][1] (Fleet in Brest) holds
	[Succeeded][1] (Army in Marseilles) holds
[Succeeded][1] (Army in Constantinople) holds: 
	[Succeeded][1] (Army in Moscow) holds
	[Succeeded][1] (Fleet in SaintPetersburg) holds
	[Succeeded][1] (Fleet in Sevastopol) holds
	[Succeeded][1] (Army in Warsaw) holds
	[Succeeded][1] (Army in Rome) holds
	[Succeeded][1] (Fleet in Naples) holds
	[Succeeded][1] (Army in Venice) holds
	[Succeeded][1] (Fleet in Ankara) holds
	[Succeeded][1] (Army in Smyrna) holds
	[Succeeded][1] (Fleet in London) holds
	[Succeeded][1] (Army in Liverpool) holds
	[Succeeded][1] (Fleet in Edinburgh) holds
	[Succeeded][1] (Army in Berlin) holds
	[Succeeded][1] (Army in Munich) holds
	[Succeeded][1] (Fleet in Kiel) holds
	[Succeeded][1] (Army in Paris) holds
	[Succeeded][1] (Fleet in Brest) holds
	[Succeeded][1] (Army in Marseilles) holds
[Succeeded][1] (Army in Munich) holds: 
	[Succeeded][1] (Army in Moscow) holds
	[Succeeded][1] (Fleet in SaintPetersburg) holds
	[Succeeded][1] (Fleet in Sevastopol) holds
	[Succeeded][1] (Army in Warsaw) holds
	[Succeeded][1] (Army in Rome) holds
	[Succeeded][1] (Fleet in Naples) holds
	[Succeeded][1] (Army in Venice) holds
	[Succeeded][1] (Fleet in Ankara) holds
	[Succeeded][1] (Army in Constantinople) holds
	[Succeeded][1] (Army in Smyrna) holds
	[Succeeded][1] (Fleet in London) holds
	[Succeeded][1] (Army in Liverpool) holds
	[Succeeded][1] (Fleet in Edinburgh) holds
	[Succeeded][1] (Army in Berlin) holds
	[Succeeded][1] (Fleet in Kiel) holds
	[Succeeded][1] (Army in Paris) holds
	[Succeeded][1] (Fleet in Brest) holds
	[Succeeded][1] (Army in Marseilles) holds
[Succeeded][1] (Army in Smyrna) holds: 
	[Succeeded][1] (Army in Moscow) holds
	[Succeeded][1] (Fleet in SaintPetersburg) holds
	[Succeeded][1] (Fleet in Sevastopol) holds
	[Succeeded][1] (Army in Warsaw) holds
	[Succeeded][1] (Army in Rome) holds
	[Succeeded][1] (Fleet in Naples) holds
	[Succeeded][1] (Army in Venice) holds
	[Succeeded][1] (Fleet in Ankara) holds
	[Succeeded][1] (Army in Constantinople) holds
	[Succeeded][1] (Fleet in London) holds
	[Succeeded][1] (Army in Liverpool) holds
	[Succeeded][1] (Fleet in Edinburgh) holds
	[Succeeded][1] (Army in Berlin) holds
	[Succeeded][1] (Army in Munich) holds
	[Succeeded][1] (Fleet in Kiel) holds
	[Succeeded][1] (Army in Paris) holds
	[Succeeded][1] (Fleet in Brest) holds
	[Succeeded][1] (Army in Marseilles) holds
[Succeeded][1] (Fleet in Sevastopol) holds: 
	[Succeeded][1] (Army in Moscow) holds
	[Succeeded][1] (Fleet in SaintPetersburg) holds
	[Succeeded][1] (Army in Warsaw) holds
	[Succeeded][1] (Army in Rome) holds
	[Succeeded][1] (Fleet in Naples) holds
	[Succeeded][1] (Army in Venice) holds
	[Succeeded][1] (Fleet in Ankara) holds
	[Succeeded][1] (Army in Constantinople) holds
	[Succeeded][1] (Army in Smyrna) holds
	[Succeeded][1] (Fleet in London) holds
	[Succeeded][1] (Army in Liverpool) holds
	[Succeeded][1] (Fleet in Edinburgh) holds
	[Succeeded][1] (Army in Berlin) holds
	[Succeeded][1] (Army in Munich) holds
	[Succeeded][1] (Fleet in Kiel) holds
	[Succeeded][1] (Army in Paris) holds
	[Succeeded][1] (Fleet in Brest) holds
	[Succeeded][1] (Army in Marseilles) holds
[Succeeded][1] (Army in Warsaw) holds: 
	[Succeeded][1] (Army in Moscow) holds
	[Succeeded][1] (Fleet in SaintPetersburg) holds
	[Succeeded][1] (Fleet in Sevastopol) holds
	[Succeeded][1] (Army in Rome) holds
	[Succeeded][1] (Fleet in Naples) holds
	[Succeeded][1] (Army in Venice) holds
	[Succeeded][1] (Fleet in Ankara) holds
	[Succeeded][1] (Army in Constantinople) holds
	[Succeeded][1] (Army in Smyrna) holds
	[Succeeded][1] (Fleet in London) holds
	[Succeeded][1] (Army in Liverpool) holds
	[Succeeded][1] (Fleet in Edinburgh) holds
	[Succeeded][1] (Army in Berlin) holds
	[Succeeded][1] (Army in Munich) holds
	[Succeeded][1] (Fleet in Kiel) holds
	[Succeeded][1] (Army in Paris) holds
	[Succeeded][1] (Fleet in Brest) holds
	[Succeeded][1] (Army in Marseilles) holds
[Succeeded][1] (Army in Rome) holds: 
	[Succeeded][1] (Army in Moscow) holds
	[Succeeded][1] (Fleet in SaintPetersburg) holds
	[Succeeded][1] (Fleet in Sevastopol) holds
	[Succeeded][1] (Army in Warsaw) holds
	[Succeeded][1] (Fleet in Naples) holds
	[Succeeded][1] (Army in Venice) holds
	[Succeeded][1] (Fleet in Ankara) holds
	[Succeeded][1] (Army in Constantinople) holds
	[Succeeded][1] (Army in Smyrna) holds
	[Succeeded][1] (Fleet in London) holds
	[Succeeded][1] (Army in Liverpool) holds
	[Succeeded][1] (Fleet in Edinburgh) holds
	[Succeeded][1] (Army in Berlin) holds
	[Succeeded][1] (Army in Munich) holds
	[Succeeded][1] (Fleet in Kiel) holds
	[Succeeded][1] (Army in Paris) holds
	[Succeeded][1] (Fleet in Brest) holds
	[Succeeded][1] (Army in Marseilles) holds


